<?xml version="1.0" encoding="UTF-8"?>
<testng-results ignored="0" total="1" passed="1" failed="0" skipped="0">
  <reporter-output>
  </reporter-output>
  <suite started-at="2024-02-24T11:12:43 IST" name="Docker Grid" finished-at="2024-02-24T11:12:58 IST" duration-ms="15263">
    <groups>
    </groups>
    <test started-at="2024-02-24T11:12:43 IST" name="Firefox" finished-at="2024-02-24T11:12:58 IST" duration-ms="15263">
      <class name="seldocker.GridTest">
        <test-method is-config="true" signature="beforeTest()[pri:0, instance:seldocker.GridTest@57c758ac]" started-at="2024-02-24T11:12:43 IST" name="beforeTest" finished-at="2024-02-24T11:12:43 IST" duration-ms="1" status="PASS">
          <reporter-output>
          </reporter-output>
        </test-method> <!-- beforeTest -->
        <test-method is-config="true" signature="beforeClass()[pri:0, instance:seldocker.GridTest@57c758ac]" started-at="2024-02-24T11:12:43 IST" name="beforeClass" finished-at="2024-02-24T11:12:43 IST" duration-ms="1" status="PASS">
          <reporter-output>
          </reporter-output>
        </test-method> <!-- beforeClass -->
        <test-method is-config="true" signature="beforeMethod()[pri:0, instance:seldocker.GridTest@57c758ac]" started-at="2024-02-24T11:12:43 IST" name="beforeMethod" finished-at="2024-02-24T11:12:43 IST" duration-ms="0" status="PASS">
          <reporter-output>
          </reporter-output>
        </test-method> <!-- beforeMethod -->
        <test-method signature="setup(java.lang.String)[pri:0, instance:seldocker.GridTest@57c758ac]" started-at="2024-02-24T11:12:43 IST" name="setup" finished-at="2024-02-24T11:12:58 IST" duration-ms="15224" status="PASS">
          <params>
            <param index="0">
              <value>
                <![CDATA[firefox]]>
              </value>
            </param>
          </params>
          <reporter-output>
          </reporter-output>
        </test-method> <!-- setup -->
        <test-method is-config="true" signature="afterMethod()[pri:0, instance:seldocker.GridTest@57c758ac]" started-at="2024-02-24T11:12:58 IST" name="afterMethod" finished-at="2024-02-24T11:12:58 IST" duration-ms="1" status="PASS">
          <reporter-output>
          </reporter-output>
        </test-method> <!-- afterMethod -->
        <test-method is-config="true" signature="afterClass()[pri:0, instance:seldocker.GridTest@57c758ac]" started-at="2024-02-24T11:12:58 IST" name="afterClass" finished-at="2024-02-24T11:12:58 IST" duration-ms="1" status="PASS">
          <reporter-output>
          </reporter-output>
        </test-method> <!-- afterClass -->
        <test-method is-config="true" signature="afterTest()[pri:0, instance:seldocker.GridTest@57c758ac]" started-at="2024-02-24T11:12:58 IST" name="afterTest" finished-at="2024-02-24T11:12:58 IST" duration-ms="0" status="PASS">
          <reporter-output>
          </reporter-output>
        </test-method> <!-- afterTest -->
      </class> <!-- seldocker.GridTest -->
    </test> <!-- Firefox -->
  </suite> <!-- Docker Grid -->
</testng-results>
