<?xml version="1.0" encoding="UTF-8"?>
<testng-results ignored="0" total="3" passed="3" failed="0" skipped="0">
  <reporter-output>
  </reporter-output>
  <suite started-at="2024-02-24T16:42:19 IST" name="Docker Grid" finished-at="2024-02-24T16:42:59 IST" duration-ms="40172">
    <groups>
    </groups>
    <test started-at="2024-02-24T16:42:19 IST" name="Chrome" finished-at="2024-02-24T16:42:37 IST" duration-ms="17695">
      <class name="seldocker.GridTest">
        <test-method is-config="true" signature="beforeTest()[pri:0, instance:seldocker.GridTest@78b66d36]" started-at="2024-02-24T16:42:19 IST" name="beforeTest" finished-at="2024-02-24T16:42:19 IST" duration-ms="0" status="PASS">
          <reporter-output>
          </reporter-output>
        </test-method> <!-- beforeTest -->
        <test-method is-config="true" signature="beforeClass()[pri:0, instance:seldocker.GridTest@78b66d36]" started-at="2024-02-24T16:42:19 IST" name="beforeClass" finished-at="2024-02-24T16:42:19 IST" duration-ms="0" status="PASS">
          <reporter-output>
          </reporter-output>
        </test-method> <!-- beforeClass -->
        <test-method is-config="true" signature="beforeMethod()[pri:0, instance:seldocker.GridTest@78b66d36]" started-at="2024-02-24T16:42:19 IST" name="beforeMethod" finished-at="2024-02-24T16:42:19 IST" duration-ms="0" status="PASS">
          <reporter-output>
          </reporter-output>
        </test-method> <!-- beforeMethod -->
        <test-method signature="setup(java.lang.String)[pri:0, instance:seldocker.GridTest@78b66d36]" started-at="2024-02-24T16:42:19 IST" name="setup" finished-at="2024-02-24T16:42:37 IST" duration-ms="17639" status="PASS">
          <params>
            <param index="0">
              <value>
                <![CDATA[chrome]]>
              </value>
            </param>
          </params>
          <reporter-output>
          </reporter-output>
        </test-method> <!-- setup -->
        <test-method is-config="true" signature="afterMethod()[pri:0, instance:seldocker.GridTest@78b66d36]" started-at="2024-02-24T16:42:37 IST" name="afterMethod" finished-at="2024-02-24T16:42:37 IST" duration-ms="3" status="PASS">
          <reporter-output>
          </reporter-output>
        </test-method> <!-- afterMethod -->
        <test-method is-config="true" signature="afterClass()[pri:0, instance:seldocker.GridTest@78b66d36]" started-at="2024-02-24T16:42:37 IST" name="afterClass" finished-at="2024-02-24T16:42:37 IST" duration-ms="0" status="PASS">
          <reporter-output>
          </reporter-output>
        </test-method> <!-- afterClass -->
        <test-method is-config="true" signature="afterTest()[pri:0, instance:seldocker.GridTest@78b66d36]" started-at="2024-02-24T16:42:37 IST" name="afterTest" finished-at="2024-02-24T16:42:37 IST" duration-ms="0" status="PASS">
          <reporter-output>
          </reporter-output>
        </test-method> <!-- afterTest -->
      </class> <!-- seldocker.GridTest -->
    </test> <!-- Chrome -->
    <test started-at="2024-02-24T16:42:19 IST" name="Edge" finished-at="2024-02-24T16:42:59 IST" duration-ms="39658">
      <class name="seldocker.GridTest">
        <test-method is-config="true" signature="beforeSuite()[pri:0, instance:seldocker.GridTest@6580cfdd]" started-at="2024-02-24T16:42:19 IST" name="beforeSuite" finished-at="2024-02-24T16:42:19 IST" duration-ms="11" status="PASS">
          <reporter-output>
          </reporter-output>
        </test-method> <!-- beforeSuite -->
        <test-method is-config="true" signature="beforeTest()[pri:0, instance:seldocker.GridTest@6580cfdd]" started-at="2024-02-24T16:42:19 IST" name="beforeTest" finished-at="2024-02-24T16:42:19 IST" duration-ms="1" status="PASS">
          <reporter-output>
          </reporter-output>
        </test-method> <!-- beforeTest -->
        <test-method is-config="true" signature="beforeClass()[pri:0, instance:seldocker.GridTest@6580cfdd]" started-at="2024-02-24T16:42:19 IST" name="beforeClass" finished-at="2024-02-24T16:42:19 IST" duration-ms="0" status="PASS">
          <reporter-output>
          </reporter-output>
        </test-method> <!-- beforeClass -->
        <test-method is-config="true" signature="beforeMethod()[pri:0, instance:seldocker.GridTest@6580cfdd]" started-at="2024-02-24T16:42:19 IST" name="beforeMethod" finished-at="2024-02-24T16:42:19 IST" duration-ms="1" status="PASS">
          <reporter-output>
          </reporter-output>
        </test-method> <!-- beforeMethod -->
        <test-method signature="setup(java.lang.String)[pri:0, instance:seldocker.GridTest@6580cfdd]" started-at="2024-02-24T16:42:19 IST" name="setup" finished-at="2024-02-24T16:42:59 IST" duration-ms="39617" status="PASS">
          <params>
            <param index="0">
              <value>
                <![CDATA[edge]]>
              </value>
            </param>
          </params>
          <reporter-output>
          </reporter-output>
        </test-method> <!-- setup -->
        <test-method is-config="true" signature="afterMethod()[pri:0, instance:seldocker.GridTest@6580cfdd]" started-at="2024-02-24T16:42:59 IST" name="afterMethod" finished-at="2024-02-24T16:42:59 IST" duration-ms="0" status="PASS">
          <reporter-output>
          </reporter-output>
        </test-method> <!-- afterMethod -->
        <test-method is-config="true" signature="afterTest()[pri:0, instance:seldocker.GridTest@6580cfdd]" started-at="2024-02-24T16:42:59 IST" name="afterTest" finished-at="2024-02-24T16:42:59 IST" duration-ms="1" status="PASS">
          <reporter-output>
          </reporter-output>
        </test-method> <!-- afterTest -->
        <test-method is-config="true" signature="afterClass()[pri:0, instance:seldocker.GridTest@6580cfdd]" started-at="2024-02-24T16:42:59 IST" name="afterClass" finished-at="2024-02-24T16:42:59 IST" duration-ms="0" status="PASS">
          <reporter-output>
          </reporter-output>
        </test-method> <!-- afterClass -->
        <test-method is-config="true" signature="afterSuite()[pri:0, instance:seldocker.GridTest@6580cfdd]" started-at="2024-02-24T16:42:59 IST" name="afterSuite" finished-at="2024-02-24T16:42:59 IST" duration-ms="1" status="PASS">
          <reporter-output>
          </reporter-output>
        </test-method> <!-- afterSuite -->
      </class> <!-- seldocker.GridTest -->
    </test> <!-- Edge -->
    <test started-at="2024-02-24T16:42:19 IST" name="Firefox" finished-at="2024-02-24T16:42:59 IST" duration-ms="40172">
      <class name="seldocker.GridTest">
        <test-method is-config="true" signature="beforeTest()[pri:0, instance:seldocker.GridTest@57c758ac]" started-at="2024-02-24T16:42:19 IST" name="beforeTest" finished-at="2024-02-24T16:42:19 IST" duration-ms="0" status="PASS">
          <reporter-output>
          </reporter-output>
        </test-method> <!-- beforeTest -->
        <test-method is-config="true" signature="beforeClass()[pri:0, instance:seldocker.GridTest@57c758ac]" started-at="2024-02-24T16:42:19 IST" name="beforeClass" finished-at="2024-02-24T16:42:19 IST" duration-ms="0" status="PASS">
          <reporter-output>
          </reporter-output>
        </test-method> <!-- beforeClass -->
        <test-method is-config="true" signature="beforeMethod()[pri:0, instance:seldocker.GridTest@57c758ac]" started-at="2024-02-24T16:42:19 IST" name="beforeMethod" finished-at="2024-02-24T16:42:19 IST" duration-ms="1" status="PASS">
          <reporter-output>
          </reporter-output>
        </test-method> <!-- beforeMethod -->
        <test-method signature="setup(java.lang.String)[pri:0, instance:seldocker.GridTest@57c758ac]" started-at="2024-02-24T16:42:19 IST" name="setup" finished-at="2024-02-24T16:42:59 IST" duration-ms="40122" status="PASS">
          <params>
            <param index="0">
              <value>
                <![CDATA[firefox]]>
              </value>
            </param>
          </params>
          <reporter-output>
          </reporter-output>
        </test-method> <!-- setup -->
        <test-method is-config="true" signature="afterMethod()[pri:0, instance:seldocker.GridTest@57c758ac]" started-at="2024-02-24T16:42:59 IST" name="afterMethod" finished-at="2024-02-24T16:42:59 IST" duration-ms="0" status="PASS">
          <reporter-output>
          </reporter-output>
        </test-method> <!-- afterMethod -->
        <test-method is-config="true" signature="afterClass()[pri:0, instance:seldocker.GridTest@57c758ac]" started-at="2024-02-24T16:42:59 IST" name="afterClass" finished-at="2024-02-24T16:42:59 IST" duration-ms="0" status="PASS">
          <reporter-output>
          </reporter-output>
        </test-method> <!-- afterClass -->
        <test-method is-config="true" signature="afterTest()[pri:0, instance:seldocker.GridTest@57c758ac]" started-at="2024-02-24T16:42:59 IST" name="afterTest" finished-at="2024-02-24T16:42:59 IST" duration-ms="1" status="PASS">
          <reporter-output>
          </reporter-output>
        </test-method> <!-- afterTest -->
      </class> <!-- seldocker.GridTest -->
    </test> <!-- Firefox -->
  </suite> <!-- Docker Grid -->
</testng-results>
