<?xml version="1.0" encoding="UTF-8"?>
<!-- Generated by org.testng.reporters.JUnitXMLReporter -->
<testsuite ignored="0" hostname="DESKTOP-4QLJJOG" failures="0" tests="2" name="Firefox" time="6.553" errors="0" timestamp="2024-02-24T12:20:47 IST">
  <testcase classname="seldocker.GridTest" name="getTitle" time="0.0">
    <skipped/>
  </testcase> <!-- getTitle -->
  <testcase classname="seldocker.GridTest" name="getTitle" time="0.0">
    <skipped/>
  </testcase> <!-- getTitle -->
</testsuite> <!-- Firefox -->
